<?xml version="1.0" encoding="UTF-8"?>
<!-- Generated by org.testng.reporters.JUnitReportReporter -->
<testsuite hostname="hemanth" failures="0" tests="1" name="nov20.using_properiefiles" time="1.287" errors="0" timestamp="2023-12-14T16:40:30 IST" skipped="0">
  <testcase classname="nov20.using_properiefiles" name="start_test" time="1.287">
    <system-out>
      <![CDATA[login done --- dashboard        http://orangehrm.qedgetech.com/symfony/web/index.php/dashboard]]>
    </system-out>
  </testcase> <!-- start_test -->
  <system-out>
    <![CDATA[login done --- dashboard        http://orangehrm.qedgetech.com/symfony/web/index.php/dashboard]]>
  </system-out>
</testsuite> <!-- nov20.using_properiefiles -->
